
DISK GROUP QUOTAS for home and project file systems:
Filesystem                                 Quota     Used Space     Free Space
/home/hpc/h039v           ($HOME)        102.4GB   82.0GB (80%)   20.4GB (20%)
/gpfs/work/h039v          ($WORK)        1000.0GB   20.5MB ( 0%)  1000.0GB (100%)
-------------------------------------------------------------------------------

Executing LRZ User Prolog ...
/home/hpc/h039v/h039vaq/.bashrc: line 7: module: command not found
/home/hpc/h039v/h039vaq/.bashrc: line 8: module: command not found
/home/hpc/h039v/h039vaq/.bashrc: line 9: module: command not found
Running problem size 30^3 per domain until completion
Num processors: 1
Total number of elements: 27000

To run other sizes, use -s <integer>.
To run a fixed number of iterations, use -i <integer>.
To run a more or less balanced region set, use -b <integer>.
To change the relative costs of regions, use -c <integer>.
To print out progress, use -p
To write an output file for VisIt, use -v
See help (-h) for more options

Run completed:  
   Problem size        =  30 
   MPI tasks           =  1 
   Iteration count     =  932 
   Final Origin Energy = 2.025075e+05 
   Testing Plane 0 of Energy Array on rank 0:
        MaxAbsDiff   = 6.184564e-11
        TotalAbsDiff = 8.723446e-10
        MaxRelDiff   = 4.939173e-12


Elapsed time         =      34.45 (s)
Grind time (us/z/c)  =  1.3691145 (per dom)  ( 1.3691145 overall)
FOM                  =  730.39909 (z/s)

