
DISK GROUP QUOTAS for home and project file systems:
Filesystem                                 Quota     Used Space     Free Space
/home/hpc/h039v           ($HOME)        102.4GB   88.5GB (86%)   13.9GB (14%)
/gpfs/work/h039v          ($WORK)        1000.0GB   20.5MB ( 0%)  1000.0GB (100%)
-------------------------------------------------------------------------------

Executing LRZ User Prolog ...
/home/hpc/h039v/h039vaq/.bashrc: line 10: module: command not found
/home/hpc/h039v/h039vaq/.bashrc: line 11: module: command not found
Normal job for testing or measuring
Version: onesided
Architecture: sb
Binary: ./cannon_onesided_sb
-rwxr-xr-x 1 h039vaq h039v 29644 Dec 23 03:39 ./cannon_onesided_sb
Testing: false

lscpu:
Architecture:          x86_64
CPU op-mode(s):        32-bit, 64-bit
Byte Order:            Little Endian
CPU(s):                32
On-line CPU(s) list:   0-31
Thread(s) per core:    2
Core(s) per socket:    8
Socket(s):             2
NUMA node(s):          2
Vendor ID:             GenuineIntel
CPU family:            6
Model:                 45
Stepping:              7
CPU MHz:               1200.000
BogoMIPS:              5399.90
Virtualization:        VT-x
L1d cache:             32K
L1i cache:             32K
L2 cache:              256K
L3 cache:              20480K
NUMA node0 CPU(s):     0-7,16-23
NUMA node1 CPU(s):     8-15,24-31

Wed Dec 23 14:08:02 CET 2015
(64,64)x(64,64)=(64,64)
Computation time: 0.000012
MPI time:         0.025433
Wed Dec 23 14:08:05 CET 2015
(128,128)x(128,128)=(128,128)
Computation time: 0.000044
MPI time:         0.022088
Wed Dec 23 14:08:06 CET 2015
(256,256)x(256,256)=(256,256)
Computation time: 0.000268
MPI time:         0.031146
Wed Dec 23 14:08:08 CET 2015
(512,512)x(512,512)=(512,512)
Computation time: 0.001865
MPI time:         0.044947
Wed Dec 23 14:08:10 CET 2015
(1024,1024)x(1024,1024)=(1024,1024)
Computation time: 0.020645
MPI time:         0.051307
Wed Dec 23 14:08:17 CET 2015
(2048,2048)x(2048,2048)=(2048,2048)
Computation time: 0.352230
MPI time:         0.048450
Wed Dec 23 14:08:26 CET 2015
(4096,4096)x(4096,4096)=(4096,4096)
Computation time: 2.913402
MPI time:         0.342234
Wed Dec 23 14:08:43 CET 2015
(64,64)x(64,64)=(64,64)
Computation time: 0.000012
MPI time:         0.023899
Wed Dec 23 14:08:45 CET 2015
(128,128)x(128,128)=(128,128)
Computation time: 0.000044
MPI time:         0.023576
Wed Dec 23 14:08:47 CET 2015
(256,256)x(256,256)=(256,256)
Computation time: 0.000262
MPI time:         0.030097
Wed Dec 23 14:08:49 CET 2015
(512,512)x(512,512)=(512,512)
Computation time: 0.001872
MPI time:         0.046133
Wed Dec 23 14:08:52 CET 2015
(1024,1024)x(1024,1024)=(1024,1024)
Computation time: 0.020718
MPI time:         0.055847
Wed Dec 23 14:08:59 CET 2015
(2048,2048)x(2048,2048)=(2048,2048)
Computation time: 0.352721
MPI time:         0.052210
Wed Dec 23 14:09:07 CET 2015
(4096,4096)x(4096,4096)=(4096,4096)
Computation time: 3.340657
MPI time:         0.388990
Wed Dec 23 14:09:25 CET 2015
(64,64)x(64,64)=(64,64)
Computation time: 0.000014
MPI time:         0.025317
Wed Dec 23 14:09:27 CET 2015
(128,128)x(128,128)=(128,128)
Computation time: 0.000044
MPI time:         0.022728
Wed Dec 23 14:09:29 CET 2015
(256,256)x(256,256)=(256,256)
Computation time: 0.000266
MPI time:         0.030431
Wed Dec 23 14:09:30 CET 2015
(512,512)x(512,512)=(512,512)
Computation time: 0.001868
MPI time:         0.046735
Wed Dec 23 14:09:32 CET 2015
(1024,1024)x(1024,1024)=(1024,1024)
Computation time: 0.020727
MPI time:         0.042452
Wed Dec 23 14:09:39 CET 2015
(2048,2048)x(2048,2048)=(2048,2048)
Computation time: 0.352380
MPI time:         0.049947
Wed Dec 23 14:09:48 CET 2015
(4096,4096)x(4096,4096)=(4096,4096)
Computation time: 3.156609
MPI time:         0.133433
Wed Dec 23 14:10:05 CET 2015
(64,64)x(64,64)=(64,64)
Computation time: 0.000014
MPI time:         0.023269
Wed Dec 23 14:10:07 CET 2015
(128,128)x(128,128)=(128,128)
Computation time: 0.000054
MPI time:         0.022190
Wed Dec 23 14:10:09 CET 2015
(256,256)x(256,256)=(256,256)
Computation time: 0.000265
MPI time:         0.031645
Wed Dec 23 14:10:11 CET 2015
(512,512)x(512,512)=(512,512)
Computation time: 0.001846
MPI time:         0.044480
Wed Dec 23 14:10:12 CET 2015
(1024,1024)x(1024,1024)=(1024,1024)
Computation time: 0.020552
MPI time:         0.040706
Wed Dec 23 14:10:19 CET 2015
(2048,2048)x(2048,2048)=(2048,2048)
Computation time: 0.352462
MPI time:         0.050214
Wed Dec 23 14:10:28 CET 2015
(4096,4096)x(4096,4096)=(4096,4096)
Computation time: 2.915649
MPI time:         0.177644
Wed Dec 23 14:10:46 CET 2015
(64,64)x(64,64)=(64,64)
Computation time: 0.000012
MPI time:         0.024761
Wed Dec 23 14:10:47 CET 2015
(128,128)x(128,128)=(128,128)
Computation time: 0.000044
MPI time:         0.022920
Wed Dec 23 14:10:49 CET 2015
(256,256)x(256,256)=(256,256)
Computation time: 0.000263
MPI time:         0.031481
Wed Dec 23 14:10:51 CET 2015
(512,512)x(512,512)=(512,512)
Computation time: 0.001875
MPI time:         0.042932
Wed Dec 23 14:10:54 CET 2015
(1024,1024)x(1024,1024)=(1024,1024)
Computation time: 0.020479
MPI time:         0.049121
Wed Dec 23 14:11:00 CET 2015
(2048,2048)x(2048,2048)=(2048,2048)
Computation time: 0.353055
MPI time:         0.052303
Wed Dec 23 14:11:09 CET 2015
(4096,4096)x(4096,4096)=(4096,4096)
Computation time: 2.970612
MPI time:         0.183186
Wed Dec 23 14:11:27 CET 2015
(64,64)x(64,64)=(64,64)
Computation time: 0.000014
MPI time:         0.024637
Wed Dec 23 14:11:28 CET 2015
(128,128)x(128,128)=(128,128)
Computation time: 0.000044
MPI time:         0.021792
Wed Dec 23 14:11:30 CET 2015
(256,256)x(256,256)=(256,256)
Computation time: 0.000261
MPI time:         0.030237
Wed Dec 23 14:11:32 CET 2015
(512,512)x(512,512)=(512,512)
Computation time: 0.001859
MPI time:         0.044706
Wed Dec 23 14:11:34 CET 2015
(1024,1024)x(1024,1024)=(1024,1024)
Computation time: 0.020682
MPI time:         0.052278
Wed Dec 23 14:11:41 CET 2015
(2048,2048)x(2048,2048)=(2048,2048)
Computation time: 0.352374
MPI time:         0.050224
Wed Dec 23 14:11:50 CET 2015
(4096,4096)x(4096,4096)=(4096,4096)
Computation time: 2.914336
MPI time:         0.511857
Wed Dec 23 14:12:07 CET 2015
(64,64)x(64,64)=(64,64)
Computation time: 0.000014
MPI time:         0.023150
Wed Dec 23 14:12:09 CET 2015
(128,128)x(128,128)=(128,128)
Computation time: 0.000050
MPI time:         0.027603
Wed Dec 23 14:12:11 CET 2015
(256,256)x(256,256)=(256,256)
Computation time: 0.000264
MPI time:         0.031088
Wed Dec 23 14:12:13 CET 2015
(512,512)x(512,512)=(512,512)
Computation time: 0.001882
MPI time:         0.043507
Wed Dec 23 14:12:15 CET 2015
(1024,1024)x(1024,1024)=(1024,1024)
Computation time: 0.020432
MPI time:         0.052862
Wed Dec 23 14:12:22 CET 2015
(2048,2048)x(2048,2048)=(2048,2048)
Computation time: 0.352557
MPI time:         0.051258
Wed Dec 23 14:12:31 CET 2015
(4096,4096)x(4096,4096)=(4096,4096)
Computation time: 2.914550
MPI time:         0.301304
Wed Dec 23 14:12:48 CET 2015
(64,64)x(64,64)=(64,64)
Computation time: 0.000012
MPI time:         0.023319
Wed Dec 23 14:12:50 CET 2015
(128,128)x(128,128)=(128,128)
Computation time: 0.000045
MPI time:         0.022767
Wed Dec 23 14:12:52 CET 2015
(256,256)x(256,256)=(256,256)
Computation time: 0.000289
MPI time:         0.030439
Wed Dec 23 14:12:54 CET 2015
(512,512)x(512,512)=(512,512)
Computation time: 0.001865
MPI time:         0.046995
Wed Dec 23 14:12:56 CET 2015
(1024,1024)x(1024,1024)=(1024,1024)
Computation time: 0.020609
MPI time:         0.041073
Wed Dec 23 14:13:03 CET 2015
(2048,2048)x(2048,2048)=(2048,2048)
Computation time: 0.352412
MPI time:         0.048997
Wed Dec 23 14:13:12 CET 2015
(4096,4096)x(4096,4096)=(4096,4096)
Computation time: 2.914984
MPI time:         0.346602
Wed Dec 23 14:13:30 CET 2015
(64,64)x(64,64)=(64,64)
Computation time: 0.000014
MPI time:         0.024377
Wed Dec 23 14:13:32 CET 2015
(128,128)x(128,128)=(128,128)
Computation time: 0.000047
MPI time:         0.023961
Wed Dec 23 14:13:34 CET 2015
(256,256)x(256,256)=(256,256)
Computation time: 0.000266
MPI time:         0.031110
Wed Dec 23 14:13:36 CET 2015
(512,512)x(512,512)=(512,512)
Computation time: 0.001894
MPI time:         0.044333
Wed Dec 23 14:13:38 CET 2015
(1024,1024)x(1024,1024)=(1024,1024)
Computation time: 0.020412
MPI time:         0.041839
Wed Dec 23 14:13:45 CET 2015
(2048,2048)x(2048,2048)=(2048,2048)
Computation time: 0.352433
MPI time:         0.050695
Wed Dec 23 14:13:53 CET 2015
(4096,4096)x(4096,4096)=(4096,4096)
Computation time: 2.913484
MPI time:         0.237253
Wed Dec 23 14:14:11 CET 2015
(64,64)x(64,64)=(64,64)
Computation time: 0.000013
MPI time:         0.025404
Wed Dec 23 14:14:12 CET 2015
(128,128)x(128,128)=(128,128)
Computation time: 0.000044
MPI time:         0.022058
Wed Dec 23 14:14:14 CET 2015
(256,256)x(256,256)=(256,256)
Computation time: 0.000263
MPI time:         0.030801
Wed Dec 23 14:14:16 CET 2015
(512,512)x(512,512)=(512,512)
Computation time: 0.001868
MPI time:         0.044347
Wed Dec 23 14:14:19 CET 2015
(1024,1024)x(1024,1024)=(1024,1024)
Computation time: 0.020736
MPI time:         0.040503
Wed Dec 23 14:14:26 CET 2015
(2048,2048)x(2048,2048)=(2048,2048)
Computation time: 0.351339
MPI time:         0.070145
Wed Dec 23 14:14:34 CET 2015
(4096,4096)x(4096,4096)=(4096,4096)
Computation time: 2.931509
MPI time:         0.212667
Wed Dec 23 14:14:51 CET 2015

All the tests completed!
