
DISK GROUP QUOTAS for home and project file systems:
Filesystem                                 Quota     Used Space     Free Space
/home/hpc/h039v           ($HOME)        102.4GB   87.6GB (86%)   14.8GB (14%)
/gpfs/work/h039v          ($WORK)        1000.0GB   20.5MB ( 0%)  1000.0GB (100%)
-------------------------------------------------------------------------------

Executing LRZ User Prolog ...
/home/hpc/h039v/h039vaq/.bashrc: line 10: module: command not found
/home/hpc/h039v/h039vaq/.bashrc: line 11: module: command not found
Normal job for testing or measuring
Version: nonblocking
Architecture: sb
Binary: ./cannon_nonblocking_sb
-rwxr-xr-x 1 h039vaq h039v 29635 Dec 22 02:28 ./cannon_nonblocking_sb
Testing: false

lscpu:
Architecture:          x86_64
CPU op-mode(s):        32-bit, 64-bit
Byte Order:            Little Endian
CPU(s):                32
On-line CPU(s) list:   0-31
Thread(s) per core:    2
Core(s) per socket:    8
Socket(s):             2
NUMA node(s):          2
Vendor ID:             GenuineIntel
CPU family:            6
Model:                 45
Stepping:              7
CPU MHz:               1200.000
BogoMIPS:              5399.88
Virtualization:        VT-x
L1d cache:             32K
L1i cache:             32K
L2 cache:              256K
L3 cache:              20480K
NUMA node0 CPU(s):     0-7,16-23
NUMA node1 CPU(s):     8-15,24-31

Tue Dec 22 02:30:47 CET 2015
(64,64)x(64,64)=(64,64)
Computation time: 0.007930
MPI time:         0.000366
Tue Dec 22 02:30:52 CET 2015
(128,128)x(128,128)=(128,128)
Computation time: 0.000493
MPI time:         0.001391
Tue Dec 22 02:30:54 CET 2015
(256,256)x(256,256)=(256,256)
Computation time: 0.000231
MPI time:         0.001446
Tue Dec 22 02:30:56 CET 2015
(512,512)x(512,512)=(512,512)
Computation time: 0.001618
MPI time:         0.001440
Tue Dec 22 02:30:57 CET 2015
(1024,1024)x(1024,1024)=(1024,1024)
Computation time: 0.017676
MPI time:         0.000706
Tue Dec 22 02:31:00 CET 2015
(2048,2048)x(2048,2048)=(2048,2048)
Computation time: 0.296873
MPI time:         0.004902
Tue Dec 22 02:31:04 CET 2015
(4096,4096)x(4096,4096)=(4096,4096)
Computation time: 2.437316
MPI time:         0.169510
Tue Dec 22 02:31:15 CET 2015
(64,64)x(64,64)=(64,64)
Computation time: 0.000935
MPI time:         0.001692
Tue Dec 22 02:31:17 CET 2015
(128,128)x(128,128)=(128,128)
Computation time: 0.000042
MPI time:         0.001846
Tue Dec 22 02:31:19 CET 2015
(256,256)x(256,256)=(256,256)
Computation time: 0.000231
MPI time:         0.001014
Tue Dec 22 02:31:20 CET 2015
(512,512)x(512,512)=(512,512)
Computation time: 0.001604
MPI time:         0.001449
Tue Dec 22 02:31:22 CET 2015
(1024,1024)x(1024,1024)=(1024,1024)
Computation time: 0.017852
MPI time:         0.000689
Tue Dec 22 02:31:25 CET 2015
(2048,2048)x(2048,2048)=(2048,2048)
Computation time: 0.295744
MPI time:         0.025825
Tue Dec 22 02:31:28 CET 2015
(4096,4096)x(4096,4096)=(4096,4096)
Computation time: 2.436935
MPI time:         0.098880
Tue Dec 22 02:31:40 CET 2015
(64,64)x(64,64)=(64,64)
Computation time: 0.000742
MPI time:         0.000388
Tue Dec 22 02:31:42 CET 2015
(128,128)x(128,128)=(128,128)
Computation time: 0.000193
MPI time:         0.001721
Tue Dec 22 02:31:43 CET 2015
(256,256)x(256,256)=(256,256)
Computation time: 0.000992
MPI time:         0.001369
Tue Dec 22 02:31:45 CET 2015
(512,512)x(512,512)=(512,512)
Computation time: 0.001605
MPI time:         0.001410
Tue Dec 22 02:31:47 CET 2015
(1024,1024)x(1024,1024)=(1024,1024)
Computation time: 0.017601
MPI time:         0.000708
Tue Dec 22 02:31:50 CET 2015
(2048,2048)x(2048,2048)=(2048,2048)
Computation time: 0.296547
MPI time:         0.025793
Tue Dec 22 02:31:54 CET 2015
(4096,4096)x(4096,4096)=(4096,4096)
Computation time: 2.436063
MPI time:         0.009555
Tue Dec 22 02:32:05 CET 2015
(64,64)x(64,64)=(64,64)
Computation time: 0.002327
MPI time:         0.000526
Tue Dec 22 02:32:07 CET 2015
(128,128)x(128,128)=(128,128)
Computation time: 0.000505
MPI time:         0.001707
Tue Dec 22 02:32:09 CET 2015
(256,256)x(256,256)=(256,256)
Computation time: 0.000231
MPI time:         0.000768
Tue Dec 22 02:32:10 CET 2015
(512,512)x(512,512)=(512,512)
Computation time: 0.001608
MPI time:         0.001445
Tue Dec 22 02:32:12 CET 2015
(1024,1024)x(1024,1024)=(1024,1024)
Computation time: 0.017487
MPI time:         0.000700
Tue Dec 22 02:32:14 CET 2015
(2048,2048)x(2048,2048)=(2048,2048)
Computation time: 0.297295
MPI time:         0.005173
Tue Dec 22 02:32:18 CET 2015
(4096,4096)x(4096,4096)=(4096,4096)
Computation time: 2.442572
MPI time:         0.009098
Tue Dec 22 02:32:30 CET 2015
(64,64)x(64,64)=(64,64)
Computation time: 0.002006
MPI time:         0.000340
Tue Dec 22 02:32:32 CET 2015
(128,128)x(128,128)=(128,128)
Computation time: 0.000633
MPI time:         0.001357
Tue Dec 22 02:32:33 CET 2015
(256,256)x(256,256)=(256,256)
Computation time: 0.000232
MPI time:         0.000078
Tue Dec 22 02:32:35 CET 2015
(512,512)x(512,512)=(512,512)
Computation time: 0.001600
MPI time:         0.001439
Tue Dec 22 02:32:37 CET 2015
(1024,1024)x(1024,1024)=(1024,1024)
Computation time: 0.017583
MPI time:         0.000726
Tue Dec 22 02:32:39 CET 2015
(2048,2048)x(2048,2048)=(2048,2048)
Computation time: 0.297191
MPI time:         0.004611
Tue Dec 22 02:32:43 CET 2015
(4096,4096)x(4096,4096)=(4096,4096)
Computation time: 2.437555
MPI time:         0.179602
Tue Dec 22 02:32:55 CET 2015
(64,64)x(64,64)=(64,64)
Computation time: 0.000555
MPI time:         0.000999
Tue Dec 22 02:32:57 CET 2015
(128,128)x(128,128)=(128,128)
Computation time: 0.001000
MPI time:         0.000850
Tue Dec 22 02:32:58 CET 2015
(256,256)x(256,256)=(256,256)
Computation time: 0.000231
MPI time:         0.001671
Tue Dec 22 02:33:00 CET 2015
(512,512)x(512,512)=(512,512)
Computation time: 0.001605
MPI time:         0.001411
Tue Dec 22 02:33:02 CET 2015
(1024,1024)x(1024,1024)=(1024,1024)
Computation time: 0.018031
MPI time:         0.000706
Tue Dec 22 02:33:04 CET 2015
(2048,2048)x(2048,2048)=(2048,2048)
Computation time: 0.297038
MPI time:         0.004860
Tue Dec 22 02:33:08 CET 2015
(4096,4096)x(4096,4096)=(4096,4096)
Computation time: 2.437953
MPI time:         0.009025
Tue Dec 22 02:33:20 CET 2015
(64,64)x(64,64)=(64,64)
Computation time: 0.000781
MPI time:         0.001008
Tue Dec 22 02:33:21 CET 2015
(128,128)x(128,128)=(128,128)
Computation time: 0.000503
MPI time:         0.000853
Tue Dec 22 02:33:23 CET 2015
(256,256)x(256,256)=(256,256)
Computation time: 0.000231
MPI time:         0.000754
Tue Dec 22 02:33:25 CET 2015
(512,512)x(512,512)=(512,512)
Computation time: 0.001607
MPI time:         0.001454
Tue Dec 22 02:33:27 CET 2015
(1024,1024)x(1024,1024)=(1024,1024)
Computation time: 0.017703
MPI time:         0.000696
Tue Dec 22 02:33:29 CET 2015
(2048,2048)x(2048,2048)=(2048,2048)
Computation time: 0.296989
MPI time:         0.004622
Tue Dec 22 02:33:33 CET 2015
(4096,4096)x(4096,4096)=(4096,4096)
Computation time: 2.437702
MPI time:         0.083633
Tue Dec 22 02:33:44 CET 2015
(64,64)x(64,64)=(64,64)
Computation time: 0.000705
MPI time:         0.000640
Tue Dec 22 02:33:46 CET 2015
(128,128)x(128,128)=(128,128)
Computation time: 0.001324
MPI time:         0.001966
Tue Dec 22 02:33:48 CET 2015
(256,256)x(256,256)=(256,256)
Computation time: 0.000231
MPI time:         0.000707
Tue Dec 22 02:33:49 CET 2015
(512,512)x(512,512)=(512,512)
Computation time: 0.001614
MPI time:         0.001402
Tue Dec 22 02:33:51 CET 2015
(1024,1024)x(1024,1024)=(1024,1024)
Computation time: 0.017771
MPI time:         0.000707
Tue Dec 22 02:33:53 CET 2015
(2048,2048)x(2048,2048)=(2048,2048)
Computation time: 0.296931
MPI time:         0.004950
Tue Dec 22 02:33:57 CET 2015
(4096,4096)x(4096,4096)=(4096,4096)
Computation time: 2.439890
MPI time:         0.197455
Tue Dec 22 02:34:09 CET 2015
(64,64)x(64,64)=(64,64)
Computation time: 0.001090
MPI time:         0.000746
Tue Dec 22 02:34:10 CET 2015
(128,128)x(128,128)=(128,128)
Computation time: 0.001073
MPI time:         0.000746
Tue Dec 22 02:34:12 CET 2015
(256,256)x(256,256)=(256,256)
Computation time: 0.000232
MPI time:         0.000076
Tue Dec 22 02:34:14 CET 2015
(512,512)x(512,512)=(512,512)
Computation time: 0.001612
MPI time:         0.001436
Tue Dec 22 02:34:16 CET 2015
(1024,1024)x(1024,1024)=(1024,1024)
Computation time: 0.017596
MPI time:         0.000692
Tue Dec 22 02:34:18 CET 2015
(2048,2048)x(2048,2048)=(2048,2048)
Computation time: 0.296363
MPI time:         0.025819
Tue Dec 22 02:34:22 CET 2015
(4096,4096)x(4096,4096)=(4096,4096)
Computation time: 2.443865
MPI time:         0.064705
Tue Dec 22 02:34:34 CET 2015
(64,64)x(64,64)=(64,64)
Computation time: 0.000727
MPI time:         0.001381
Tue Dec 22 02:34:36 CET 2015
(128,128)x(128,128)=(128,128)
Computation time: 0.000527
MPI time:         0.001415
Tue Dec 22 02:34:38 CET 2015
(256,256)x(256,256)=(256,256)
Computation time: 0.000231
MPI time:         0.000524
Tue Dec 22 02:34:39 CET 2015
(512,512)x(512,512)=(512,512)
Computation time: 0.001608
MPI time:         0.001423
Tue Dec 22 02:34:41 CET 2015
(1024,1024)x(1024,1024)=(1024,1024)
Computation time: 0.017564
MPI time:         0.000705
Tue Dec 22 02:34:43 CET 2015
(2048,2048)x(2048,2048)=(2048,2048)
Computation time: 0.297134
MPI time:         0.004836
Tue Dec 22 02:34:47 CET 2015
(4096,4096)x(4096,4096)=(4096,4096)
Computation time: 2.439439
MPI time:         0.073617
Tue Dec 22 02:34:59 CET 2015

lscpu:
Architecture:          x86_64
CPU op-mode(s):        32-bit, 64-bit
Byte Order:            Little Endian
CPU(s):                32
On-line CPU(s) list:   0-31
Thread(s) per core:    2
Core(s) per socket:    8
Socket(s):             2
NUMA node(s):          2
Vendor ID:             GenuineIntel
CPU family:            6
Model:                 45
Stepping:              7
CPU MHz:               1200.000
BogoMIPS:              5399.88
Virtualization:        VT-x
L1d cache:             32K
L1i cache:             32K
L2 cache:              256K
L3 cache:              20480K
NUMA node0 CPU(s):     0-7,16-23
NUMA node1 CPU(s):     8-15,24-31

