
DISK GROUP QUOTAS for home and project file systems:
Filesystem                                 Quota     Used Space     Free Space
/home/hpc/h039v           ($HOME)        102.4GB   87.0GB (85%)   15.4GB (15%)
/gpfs/work/h039v          ($WORK)        1000.0GB   20.5MB ( 0%)  1000.0GB (100%)
-------------------------------------------------------------------------------

Executing LRZ User Prolog ...
/home/hpc/h039v/h039vaq/.bashrc: line 7: module: command not found
/home/hpc/h039v/h039vaq/.bashrc: line 8: module: command not found
/home/hpc/h039v/h039vaq/.bashrc: line 9: module: command not found
/home/hpc/h039v/h039vaq/.bashrc: line 10: module: command not found
/home/hpc/h039v/h039vaq/.bashrc: line 11: module: command not found
Running problem size 30^3 per domain until completion
Num processors: 64
Total number of elements: 1728000

To run other sizes, use -s <integer>.
To run a fixed number of iterations, use -i <integer>.
To run a more or less balanced region set, use -b <integer>.
To change the relative costs of regions, use -c <integer>.
To print out progress, use -p
To write an output file for VisIt, use -v
See help (-h) for more options

Run completed:  
   Problem size        =  30 
   MPI tasks           =  64 
   Iteration count     =  4264 
   Final Origin Energy = 2.489232e+06 
   Testing Plane 0 of Energy Array on rank 0:
        MaxAbsDiff   = 7.566996e-10
        TotalAbsDiff = 2.157117e-08
        MaxRelDiff   = 9.008033e-14


Elapsed time         =     675.64 (s)
Grind time (us/z/c)  =  5.8685828 (per dom)  (0.091696607 overall)
FOM                  =  10905.529 (z/s)

