
DISK GROUP QUOTAS for home and project file systems:
Filesystem                                 Quota     Used Space     Free Space
/home/hpc/h039v           ($HOME)        102.4GB   80.4GB (78%)   22.0GB (22%)
/gpfs/work/h039v          ($WORK)        1000.0GB   20.5MB ( 0%)  1000.0GB (100%)
-------------------------------------------------------------------------------

Executing LRZ User Prolog ...
/home/hpc/h039v/h039vaq/.bashrc: line 7: module: command not found
/home/hpc/h039v/h039vaq/.bashrc: line 8: module: command not found
Running problem size 30^3 per domain until completion
Num processors: 8
Num threads: 2
Total number of elements: 216000

To run other sizes, use -s <integer>.
To run a fixed number of iterations, use -i <integer>.
To run a more or less balanced region set, use -b <integer>.
To change the relative costs of regions, use -c <integer>.
To print out progress, use -p
To write an output file for VisIt, use -v
See help (-h) for more options

Run completed:  
   Problem size        =  30 
   MPI tasks           =  8 
   Iteration count     =  2031 
   Final Origin Energy = 7.130703e+05 
   Testing Plane 0 of Energy Array on rank 0:
        MaxAbsDiff   = 3.201421e-10
        TotalAbsDiff = 5.281038e-09
        MaxRelDiff   = 3.394492e-14


Elapsed time         =      60.64 (s)
Grind time (us/z/c)  =  1.1057919 (per dom)  (0.13822399 overall)
FOM                  =   7234.634 (z/s)

